18:39:22.263 [main                     ] DEBUG Logger               - Configured Logger
18:39:22.280 [main                     ] DEBUG GameApplication      - Logging settings
Title: Link Browser
Version: 2.1
Width: 1024
Height: 768
Fullscreen: true
Intro: false
Profiling: false
Single step:false
App Mode: DEVELOPER
Menu Key: ESCAPE
Stage Style: DECORATED
Scene Factory: class com.almasb.fxgl.app.scene.SceneFactory

18:39:22.769 [JavaFX Application Thread] DEBUG FXGLApplication      - Initializing FXGL
18:39:22.773 [JavaFX Application Thread] INFO  Engine               - FXGL-17.3 (30.03.2023 11.49) on WINDOWS (J:22.0.1 FX:22.0.1)
18:39:22.773 [JavaFX Application Thread] DEBUG Engine               - JRE Vendor Name: Oracle Corporation
18:39:22.773 [JavaFX Application Thread] DEBUG Engine               - Running on OS: Windows 10 version 10.0
18:39:22.773 [JavaFX Application Thread] DEBUG Engine               - Architecture: amd64
18:39:22.773 [JavaFX Application Thread] INFO  Engine               - Source code and latest versions at: https://github.com/AlmasB/FXGL
18:39:22.773 [JavaFX Application Thread] INFO  Engine               -       Ask questions and discuss at: https://github.com/AlmasB/FXGL/discussions
18:39:22.773 [JavaFX Application Thread] INFO  Engine               -              Join the FXGL chat at: https://gitter.im/AlmasB/FXGL
18:39:22.862 [JavaFX Application Thread] DEBUG PrimaryStageWindow   - Creating a JavaFX scene
18:39:22.912 [JavaFX Application Thread] DEBUG PrimaryStageWindow   - Target settings size: 1024.0 x 768.0
18:39:22.913 [JavaFX Application Thread] DEBUG PrimaryStageWindow   - Scaled scene size:    1024.0 x 768.0
18:39:22.913 [JavaFX Application Thread] DEBUG PrimaryStageWindow   - Scaled ratio: (1.0, 1.0)
18:39:22.914 [JavaFX Application Thread] DEBUG PrimaryStageWindow   - Set initial scene to FXGLStartupScene
18:39:22.917 [JavaFX Application Thread] DEBUG PrimaryStageWindow   - Opening main window
18:39:23.133 [JavaFX Application Thread] DEBUG PrimaryStageWindow   - Window border size: (14.4000244140625, 37.5999755859375)
18:39:23.133 [JavaFX Application Thread] DEBUG PrimaryStageWindow   - Scaled size: 1024.0 x 768.0
18:39:23.133 [JavaFX Application Thread] DEBUG PrimaryStageWindow   - Scaled ratio: (1.0, 1.0)
18:39:23.134 [JavaFX Application Thread] DEBUG PrimaryStageWindow   - Scene size: 1024.0 x 768.0
18:39:23.134 [JavaFX Application Thread] DEBUG PrimaryStageWindow   - Stage size: 1038.4000244140625 x 805.5999755859375
18:39:23.142 [FXGL Background Thread 1 ] DEBUG Engine               - Initializing environment variables
18:39:23.178 [FXGL Background Thread 1 ] DEBUG FXGLAssetLoaderServi - User app class for loading assets: class com.kobi401.browser.Launch
18:39:23.179 [FXGL Background Thread 1 ] DEBUG GameApplicationServi - Applying CSS: fxgl_dark.css
18:39:23.180 [FXGL Background Thread 1 ] DEBUG FXGLAssetLoaderServi - Loading from file system: jar:file:///C:/Users/Shawn/.m2/repository/com/github/almasb/fxgl/17.3/fxgl-17.3.jar!/fxglassets/ui/css/fxgl_dark.css
18:39:23.212 [FXGL Background Thread 1 ] DEBUG GameApplicationServi - Initializing application scenes
18:39:23.241 [FXGL Background Thread 1 ] DEBUG GameWorld            - Game world initialized
18:39:23.286 [FXGL Background Thread 1 ] DEBUG PhysicsWorld         - Physics world initialized: appHeight=768, physics.ppm=50.0
18:39:23.286 [FXGL Background Thread 1 ] DEBUG PhysicsWorld         - Using strategy: BRUTE_FORCE
18:39:23.289 [FXGL Background Thread 1 ] DEBUG GameScene            - Game scene initialized: 1024x768
18:39:23.297 [FXGL Background Thread 1 ] DEBUG FXGL.DefaultMenu     - createMenuBodyMainMenu()
18:39:23.309 [FXGL Background Thread 1 ] DEBUG FXGL.DefaultMenu     - createOptionsMenu()
18:39:23.316 [FXGL Background Thread 1 ] DEBUG FXGLAssetLoaderServi - Loading from file system: jar:file:///C:/Users/Shawn/.m2/repository/com/github/almasb/fxgl/17.3/fxgl-17.3.jar!/fxglassets/textures/particles/smoke.png
18:39:23.385 [FXGL Background Thread 1 ] DEBUG FXGLAssetLoaderServi - Loading from file system: jar:file:///C:/Users/Shawn/.m2/repository/com/github/almasb/fxgl/17.3/fxgl-17.3.jar!/fxglassets/textures/particles/trace_horizontal.png
18:39:23.408 [FXGL Background Thread 1 ] DEBUG GameApplicationServi - Application scenes initialized
18:39:23.418 [FXGL Background Thread 1 ] DEBUG SystemBundleService  - Loading FXGL system data
18:39:23.423 [FXGL Background Thread 1 ] DEBUG FileSystemAccess     - Reading from: C:\Users\Shawn\Desktop\Browser\system\fxgl.bundle
18:39:23.435 [FXGL Background Thread 1 ] DEBUG SystemBundleService  - Bundle FXGL: {}
18:39:23.435 [FXGL Background Thread 1 ] DEBUG UpdaterService       - Checking for updates
18:39:23.456 [FXGL Background Thread 4 ] DEBUG FXGLApplication      - Loading fonts
18:39:23.456 [FXGL Background Thread 1 ] DEBUG FXGLApplication      - Loading default localization
18:39:23.456 [FXGL Background Thread 4 ] DEBUG FXGLAssetLoaderServi - Loading from file system: jar:file:///C:/Users/Shawn/.m2/repository/com/github/almasb/fxgl/17.3/fxgl-17.3.jar!/fxglassets/ui/fonts/VarelaRound-Regular.ttf
18:39:23.457 [FXGL Background Thread 1 ] DEBUG FXGLAssetLoaderServi - Loading from file system: jar:file:///C:/Users/Shawn/.m2/repository/com/github/almasb/fxgl/17.3/fxgl-17.3.jar!/fxglassets/languages/english.lang
18:39:23.475 [FXGL Background Thread 1 ] INFO  FXGLApplication      - FXGL initialization took: 0.334 sec
18:39:23.495 [FXGL Background Thread 4 ] DEBUG FXGLAssetLoaderServi - Loading from file system: jar:file:///C:/Users/Shawn/.m2/repository/com/github/almasb/fxgl/17.3/fxgl-17.3.jar!/fxglassets/ui/fonts/Abel-Regular.ttf
18:39:23.499 [FXGL Background Thread 4 ] DEBUG FXGLAssetLoaderServi - Loading from file system: jar:file:///C:/Users/Shawn/.m2/repository/com/github/almasb/fxgl/17.3/fxgl-17.3.jar!/fxglassets/ui/fonts/TerminalLandMono-Regular.otf
18:39:23.502 [FXGL Background Thread 4 ] DEBUG FXGLAssetLoaderServi - Loading from file system: jar:file:///C:/Users/Shawn/.m2/repository/com/github/almasb/fxgl/17.3/fxgl-17.3.jar!/fxglassets/ui/fonts/Courier-Prime.ttf
18:39:23.585 [JavaFX Application Thread] DEBUG FXGLAssetLoaderServi - Loading from file system: jar:file:///C:/Users/Shawn/.m2/repository/com/github/almasb/fxgl/17.3/fxgl-17.3.jar!/fxglassets/textures/fxgl_icon.png
18:39:23.612 [JavaFX Application Thread] DEBUG FXGLAssetLoaderServi - Loading from file system: jar:file:///C:/Users/Shawn/.m2/repository/com/github/almasb/fxgl/17.3/fxgl-17.3.jar!/fxglassets/textures/fxgl_default_cursor.png
18:39:23.622 [JavaFX Application Thread] DEBUG Input                - Registered new binding: Screenshot - CTRL+8
18:39:23.623 [JavaFX Application Thread] DEBUG Input                - Registered new binding: Dev Options - 1
18:39:23.623 [JavaFX Application Thread] DEBUG Input                - Registered new binding: Dev Console - 2
18:39:23.623 [JavaFX Application Thread] DEBUG Input                - Registered new binding: System info dump - CTRL+9
18:39:23.623 [JavaFX Application Thread] DEBUG Input                - Registered new binding: Restart - CTRL+R
18:39:23.624 [JavaFX Application Thread] DEBUG Input                - Registered new binding: Toggle Debug Camera - CTRL+7
18:39:23.626 [JavaFX Application Thread] DEBUG LoopRunner           - Starting loop
18:39:23.637 [JavaFX Application Thread] DEBUG LoopRunner           - Initializing JavaFX AnimationTimerLoop
18:39:23.638 [JavaFX Application Thread] DEBUG Input                - Clearing active input actions
18:39:23.645 [JavaFX Application Thread] DEBUG GameApplicationServi - Removing overlay from FXGLStartupScene and adding to FXGLMainMenuDummyScene
18:39:23.647 [JavaFX Application Thread] DEBUG PrimaryStageWindow   - FXGLStartupScene -> FXGLMainMenuDummyScene
18:39:23.647 [JavaFX Application Thread] DEBUG PrimaryStageWindow   - Push state: FXGLDefaultMenu
18:39:23.650 [JavaFX Application Thread] DEBUG Input                - Clearing active input actions
18:39:23.651 [JavaFX Application Thread] DEBUG GameApplicationServi - Removing overlay from FXGLMainMenuDummyScene and adding to FXGLDefaultMenu
18:39:23.652 [JavaFX Application Thread] DEBUG PrimaryStageWindow   - FXGLMainMenuDummyScene -> FXGLDefaultMenu
18:39:23.652 [JavaFX Application Thread] DEBUG FXGLApplication      - Registering font factories with UI factory
18:39:23.985 [FXGL Background Thread 2 ] INFO  UpdaterService       - Your current version:  17.3
18:39:23.985 [FXGL Background Thread 2 ] INFO  UpdaterService       - Latest stable version: 21.1
18:39:26.457 [FXGL Background Thread 3 ] DEBUG Engine               - Logging environment variables
18:39:26.457 [FXGL Background Thread 3 ] DEBUG Engine               - achievements: []
18:39:26.457 [FXGL Background Thread 3 ] DEBUG Engine               - actualHeight: 768.0
18:39:26.458 [FXGL Background Thread 3 ] DEBUG Engine               - actualHeightProperty: ReadOnlyDoubleProperty [value: 768.0]
18:39:26.458 [FXGL Background Thread 3 ] DEBUG Engine               - actualWidth: 1024.0
18:39:26.458 [FXGL Background Thread 3 ] DEBUG Engine               - actualWidthProperty: ReadOnlyDoubleProperty [value: 1024.0]
18:39:26.458 [FXGL Background Thread 3 ] DEBUG Engine               - appIcon: fxgl_icon.png
18:39:26.458 [FXGL Background Thread 3 ] DEBUG Engine               - applicationMode: DEVELOPER
18:39:26.458 [FXGL Background Thread 3 ] DEBUG Engine               - cSSList: [fxgl_dark.css]
18:39:26.458 [FXGL Background Thread 3 ] DEBUG Engine               - collisionDetectionStrategy: BRUTE_FORCE
18:39:26.458 [FXGL Background Thread 3 ] DEBUG Engine               - configClass: Optional.empty
18:39:26.458 [FXGL Background Thread 3 ] DEBUG Engine               - credits: []
18:39:26.458 [FXGL Background Thread 3 ] DEBUG Engine               - defaultCursor: CursorInfo(imageName=fxgl_default_cursor.png, hotspotX=7.0, hotspotY=6.0)
18:39:26.459 [FXGL Background Thread 3 ] DEBUG Engine               - devBBoxColorProperty: ObjectProperty [value: 0xff0000ff]
18:39:26.459 [FXGL Background Thread 3 ] DEBUG Engine               - devEnableDebugCameraProperty: BooleanProperty [value: false]
18:39:26.459 [FXGL Background Thread 3 ] DEBUG Engine               - devSensorColorProperty: ObjectProperty [value: 0xffff00ff]
18:39:26.459 [FXGL Background Thread 3 ] DEBUG Engine               - devShowBBoxProperty: BooleanProperty [value: false]
18:39:26.459 [FXGL Background Thread 3 ] DEBUG Engine               - devShowPositionProperty: BooleanProperty [value: false]
18:39:26.459 [FXGL Background Thread 3 ] DEBUG Engine               - enabledMenuItems: []
18:39:26.459 [FXGL Background Thread 3 ] DEBUG Engine               - engineServices: [class com.almasb.fxgl.app.services.FXGLAssetLoaderService, class com.almasb.fxgl.app.FXGLApplication$GameApplicationService, class com.almasb.fxgl.app.services.FXGLDialogService, class com.almasb.fxgl.app.services.IOTaskExecutorService, class com.almasb.fxgl.io.FileSystemService, class com.almasb.fxgl.localization.LocalizationService, class com.almasb.fxgl.app.services.SystemBundleService, class com.almasb.fxgl.profile.SaveLoadService, class com.almasb.fxgl.ui.FXGLUIFactoryServiceProvider, class com.almasb.fxgl.ui.FXGLDialogFactoryServiceProvider, class com.almasb.fxgl.audio.AudioPlayer, class com.almasb.fxgl.notification.impl.NotificationServiceProvider, class com.almasb.fxgl.achievement.AchievementService, class com.almasb.fxgl.cutscene.CutsceneService, class com.almasb.fxgl.minigames.MiniGameService, class com.almasb.fxgl.net.NetService, class com.almasb.fxgl.app.services.UpdaterService, class com.almasb.fxgl.dev.DevService]
18:39:26.459 [FXGL Background Thread 3 ] DEBUG Engine               - fontGame: Abel-Regular.ttf
18:39:26.459 [FXGL Background Thread 3 ] DEBUG Engine               - fontMono: TerminalLandMono-Regular.otf
18:39:26.459 [FXGL Background Thread 3 ] DEBUG Engine               - fontSizeScaleUI: 1.0
18:39:26.459 [FXGL Background Thread 3 ] DEBUG Engine               - fontText: Courier-Prime.ttf
18:39:26.459 [FXGL Background Thread 3 ] DEBUG Engine               - fontUI: VarelaRound-Regular.ttf
18:39:26.459 [FXGL Background Thread 3 ] DEBUG Engine               - fullScreen: BooleanProperty [value: false]
18:39:26.459 [FXGL Background Thread 3 ] DEBUG Engine               - gameDifficulty: MEDIUM
18:39:26.459 [FXGL Background Thread 3 ] DEBUG Engine               - gameDifficultyProperty: ObjectProperty [value: MEDIUM]
18:39:26.459 [FXGL Background Thread 3 ] DEBUG Engine               - globalMusicVolume: 0.5
18:39:26.459 [FXGL Background Thread 3 ] DEBUG Engine               - globalMusicVolumeProperty: DoubleProperty [value: 0.5]
18:39:26.459 [FXGL Background Thread 3 ] DEBUG Engine               - globalSoundVolume: 0.5
18:39:26.459 [FXGL Background Thread 3 ] DEBUG Engine               - globalSoundVolumeProperty: DoubleProperty [value: 0.5]
18:39:26.460 [FXGL Background Thread 3 ] DEBUG Engine               - height: 768
18:39:26.460 [FXGL Background Thread 3 ] DEBUG Engine               - is3D: false
18:39:26.460 [FXGL Background Thread 3 ] DEBUG Engine               - isAndroid: false
18:39:26.460 [FXGL Background Thread 3 ] DEBUG Engine               - isBrowser: false
18:39:26.460 [FXGL Background Thread 3 ] DEBUG Engine               - isClickFeedbackEnabled: false
18:39:26.460 [FXGL Background Thread 3 ] DEBUG Engine               - isCloseConfirmation: false
18:39:26.460 [FXGL Background Thread 3 ] DEBUG Engine               - isDesktop: true
18:39:26.460 [FXGL Background Thread 3 ] DEBUG Engine               - isDeveloperMenuEnabled: true
18:39:26.460 [FXGL Background Thread 3 ] DEBUG Engine               - isEmbedded: false
18:39:26.460 [FXGL Background Thread 3 ] DEBUG Engine               - isEntityPreloadEnabled: true
18:39:26.460 [FXGL Background Thread 3 ] DEBUG Engine               - isExperimentalTiledLargeMap: false
18:39:26.460 [FXGL Background Thread 3 ] DEBUG Engine               - isFileSystemWriteAllowed: true
18:39:26.460 [FXGL Background Thread 3 ] DEBUG Engine               - isFullScreenAllowed: true
18:39:26.460 [FXGL Background Thread 3 ] DEBUG Engine               - isFullScreenFromStart: false
18:39:26.460 [FXGL Background Thread 3 ] DEBUG Engine               - isGameMenuEnabled: false
18:39:26.461 [FXGL Background Thread 3 ] DEBUG Engine               - isIOS: false
18:39:26.461 [FXGL Background Thread 3 ] DEBUG Engine               - isIntroEnabled: false
18:39:26.461 [FXGL Background Thread 3 ] DEBUG Engine               - isLinux: false
18:39:26.461 [FXGL Background Thread 3 ] DEBUG Engine               - isMac: false
18:39:26.461 [FXGL Background Thread 3 ] DEBUG Engine               - isMainMenuEnabled: true
18:39:26.461 [FXGL Background Thread 3 ] DEBUG Engine               - isManualResizeEnabled: true
18:39:26.461 [FXGL Background Thread 3 ] DEBUG Engine               - isMobile: false
18:39:26.461 [FXGL Background Thread 3 ] DEBUG Engine               - isNative: false
18:39:26.461 [FXGL Background Thread 3 ] DEBUG Engine               - isPauseMusicWhenMinimized: true
18:39:26.461 [FXGL Background Thread 3 ] DEBUG Engine               - isPreserveResizeRatio: false
18:39:26.461 [FXGL Background Thread 3 ] DEBUG Engine               - isProfilingEnabled: false
18:39:26.461 [FXGL Background Thread 3 ] DEBUG Engine               - isScaleAffectedOnResize: true
18:39:26.461 [FXGL Background Thread 3 ] DEBUG Engine               - isSingleStep: false
18:39:26.461 [FXGL Background Thread 3 ] DEBUG Engine               - isUserProfileEnabled: false
18:39:26.461 [FXGL Background Thread 3 ] DEBUG Engine               - isWindows: true
18:39:26.461 [FXGL Background Thread 3 ] DEBUG Engine               - language: ObjectProperty [value: ENGLISH]
18:39:26.461 [FXGL Background Thread 3 ] DEBUG Engine               - menuKey: ESCAPE
18:39:26.461 [FXGL Background Thread 3 ] DEBUG Engine               - mouseSensitivity: 0.2
18:39:26.461 [FXGL Background Thread 3 ] DEBUG Engine               - notificationViewClass: class com.almasb.fxgl.notification.view.XboxNotificationView
18:39:26.461 [FXGL Background Thread 3 ] DEBUG Engine               - pixelsPerMeter: 50.0
18:39:26.461 [FXGL Background Thread 3 ] DEBUG Engine               - platform: WINDOWS
18:39:26.461 [FXGL Background Thread 3 ] DEBUG Engine               - prefHeightProperty: ReadOnlyDoubleProperty [value: 768.0]
18:39:26.461 [FXGL Background Thread 3 ] DEBUG Engine               - prefWidthProperty: ReadOnlyDoubleProperty [value: 1024.0]
18:39:26.462 [FXGL Background Thread 3 ] DEBUG Engine               - profileDir: profiles/
18:39:26.462 [FXGL Background Thread 3 ] DEBUG Engine               - profileName: StringProperty [value: DEFAULT]
18:39:26.462 [FXGL Background Thread 3 ] DEBUG Engine               - randomSeed: -1
18:39:26.462 [FXGL Background Thread 3 ] DEBUG Engine               - runtimeInfo: RuntimeInfo(platform=WINDOWS, version=17.3, build=30.03.2023 11.49)
18:39:26.462 [FXGL Background Thread 3 ] DEBUG Engine               - saveFileExt: sav
18:39:26.463 [FXGL Background Thread 3 ] DEBUG Engine               - scaledHeightProp$fxgl: DoubleProperty [bound, value: 768.0]
18:39:26.463 [FXGL Background Thread 3 ] DEBUG Engine               - scaledWidthProp$fxgl: DoubleProperty [bound, value: 1024.0]
18:39:26.463 [FXGL Background Thread 3 ] DEBUG Engine               - sceneFactory: com.almasb.fxgl.app.scene.SceneFactory@2daaf3c0
18:39:26.463 [FXGL Background Thread 3 ] DEBUG Engine               - secondsIn24h: 60
18:39:26.463 [FXGL Background Thread 3 ] DEBUG Engine               - soundMenuBack: menu/back.wav
18:39:26.463 [FXGL Background Thread 3 ] DEBUG Engine               - soundMenuPress: menu/press.wav
18:39:26.463 [FXGL Background Thread 3 ] DEBUG Engine               - soundMenuSelect: menu/select.wav
18:39:26.463 [FXGL Background Thread 3 ] DEBUG Engine               - soundNotification: core/notification.wav
18:39:26.463 [FXGL Background Thread 3 ] DEBUG Engine               - stageStyle: DECORATED
18:39:26.463 [FXGL Background Thread 3 ] DEBUG Engine               - supportedLanguages: [ENGLISH, FRENCH, GERMAN, HUNGARIAN, RUSSIAN]
18:39:26.463 [FXGL Background Thread 3 ] DEBUG Engine               - ticksPerSecond: -1
18:39:26.463 [FXGL Background Thread 3 ] DEBUG Engine               - title: Link Browser
18:39:26.463 [FXGL Background Thread 3 ] DEBUG Engine               - urlGithub: https://github.com/AlmasB/FXGL
18:39:26.463 [FXGL Background Thread 3 ] DEBUG Engine               - urlLeaderboard: http://fxgl-top.herokuapp.com/
18:39:26.463 [FXGL Background Thread 3 ] DEBUG Engine               - urlPOM: https://raw.githubusercontent.com/AlmasB/FXGL/release/README.md
18:39:26.463 [FXGL Background Thread 3 ] DEBUG Engine               - userAppClass: class com.kobi401.browser.Launch
18:39:26.463 [FXGL Background Thread 3 ] DEBUG Engine               - version: 2.1
18:39:26.463 [FXGL Background Thread 3 ] DEBUG Engine               - versionCheckDays: 7
18:39:26.463 [FXGL Background Thread 3 ] DEBUG Engine               - width: 1024
18:39:26.463 [FXGL Background Thread 3 ] DEBUG Engine               - Logging services
18:39:26.463 [FXGL Background Thread 3 ] DEBUG Engine               - class com.almasb.fxgl.app.services.FXGLAssetLoaderService
18:39:26.463 [FXGL Background Thread 3 ] DEBUG Engine               - class com.almasb.fxgl.app.FXGLApplication$GameApplicationService
18:39:26.463 [FXGL Background Thread 3 ] DEBUG Engine               - class com.almasb.fxgl.app.services.FXGLDialogService
18:39:26.464 [FXGL Background Thread 3 ] DEBUG Engine               - class com.almasb.fxgl.app.services.IOTaskExecutorService
18:39:26.464 [FXGL Background Thread 3 ] DEBUG Engine               - class com.almasb.fxgl.io.FileSystemService
18:39:26.464 [FXGL Background Thread 3 ] DEBUG Engine               - class com.almasb.fxgl.localization.LocalizationService
18:39:26.464 [FXGL Background Thread 3 ] DEBUG Engine               - class com.almasb.fxgl.app.services.SystemBundleService
18:39:26.464 [FXGL Background Thread 3 ] DEBUG Engine               - class com.almasb.fxgl.profile.SaveLoadService
18:39:26.464 [FXGL Background Thread 3 ] DEBUG Engine               - class com.almasb.fxgl.ui.FXGLUIFactoryServiceProvider
18:39:26.464 [FXGL Background Thread 3 ] DEBUG Engine               - class com.almasb.fxgl.ui.FXGLDialogFactoryServiceProvider
18:39:26.464 [FXGL Background Thread 3 ] DEBUG Engine               - class com.almasb.fxgl.audio.AudioPlayer
18:39:26.464 [FXGL Background Thread 3 ] DEBUG Engine               - class com.almasb.fxgl.notification.impl.NotificationServiceProvider
18:39:26.464 [FXGL Background Thread 3 ] DEBUG Engine               - class com.almasb.fxgl.achievement.AchievementService
18:39:26.464 [FXGL Background Thread 3 ] DEBUG Engine               - class com.almasb.fxgl.cutscene.CutsceneService
18:39:26.464 [FXGL Background Thread 3 ] DEBUG Engine               - class com.almasb.fxgl.minigames.MiniGameService
18:39:26.464 [FXGL Background Thread 3 ] DEBUG Engine               - class com.almasb.fxgl.net.NetService
18:39:26.464 [FXGL Background Thread 3 ] DEBUG Engine               - class com.almasb.fxgl.app.services.UpdaterService
18:39:26.464 [FXGL Background Thread 3 ] DEBUG Engine               - class com.almasb.fxgl.dev.DevService
18:39:31.793 [JavaFX Application Thread] DEBUG FXGL.DefaultMenu     - createContentGameplay()
18:39:33.336 [JavaFX Application Thread] DEBUG FXGL.DefaultMenu     - createContentVideo()
18:39:40.789 [JavaFX Application Thread] DEBUG FXGL.DefaultMenu     - createContentControls()
18:39:43.003 [JavaFX Application Thread] DEBUG FXGL.DefaultMenu     - createContentAudio()
18:39:44.164 [JavaFX Application Thread] DEBUG PrimaryStageWindow   - Push state: DialogSubScene
18:39:44.164 [JavaFX Application Thread] DEBUG Input                - Clearing active input actions
18:39:44.165 [JavaFX Application Thread] DEBUG GameApplicationServi - Removing overlay from FXGLDefaultMenu and adding to DialogSubScene
18:39:44.165 [JavaFX Application Thread] DEBUG PrimaryStageWindow   - FXGLDefaultMenu -> DialogSubScene
18:39:45.306 [JavaFX Application Thread] DEBUG PrimaryStageWindow   - Pop state: DialogSubScene
18:39:45.306 [JavaFX Application Thread] DEBUG Input                - Clearing active input actions
18:39:45.307 [JavaFX Application Thread] DEBUG GameApplicationServi - Removing overlay from DialogSubScene and adding to FXGLDefaultMenu
18:39:45.308 [JavaFX Application Thread] DEBUG PrimaryStageWindow   - FXGLDefaultMenu <- DialogSubScene
18:39:48.274 [JavaFX Application Thread] DEBUG Menu                 - fireNewGame()
18:39:48.274 [JavaFX Application Thread] DEBUG GameApplicationServi - Starting new game
18:39:48.275 [JavaFX Application Thread] DEBUG PrimaryStageWindow   - Pop state: FXGLDefaultMenu
18:39:48.275 [JavaFX Application Thread] DEBUG Input                - Clearing active input actions
18:39:48.275 [JavaFX Application Thread] DEBUG GameApplicationServi - Removing overlay from FXGLDefaultMenu and adding to FXGLMainMenuDummyScene
18:39:48.276 [JavaFX Application Thread] DEBUG PrimaryStageWindow   - FXGLMainMenuDummyScene <- FXGLDefaultMenu
18:39:48.276 [JavaFX Application Thread] DEBUG Input                - Clearing active input actions
18:39:48.282 [JavaFX Application Thread] DEBUG GameApplicationServi - Removing overlay from FXGLMainMenuDummyScene and adding to FXGLLoadingScene
18:39:48.282 [JavaFX Application Thread] DEBUG PrimaryStageWindow   - FXGLMainMenuDummyScene -> FXGLLoadingScene
18:39:48.282 [JavaFX Application Thread] DEBUG GameApplicationServi - Clearing previous game
18:39:48.283 [JavaFX Application Thread] DEBUG GameScene            - Clearing game scene
18:39:48.283 [JavaFX Application Thread] DEBUG GameWorld            - Clearing game world
18:39:48.283 [JavaFX Application Thread] DEBUG PhysicsWorld         - Clearing physics world
18:39:48.284 [FXGL Background Thread 2 ] DEBUG FXGLApplication      - Initializing game
18:39:48.285 [FXGL Background Thread 2 ] INFO  FXGLApplication      - Game initialization took: 0.001 sec
18:39:48.328 [JavaFX Application Thread] DEBUG Input                - Clearing active input actions
18:39:48.340 [JavaFX Application Thread] DEBUG GameApplicationServi - Removing overlay from FXGLLoadingScene and adding to GameScene
18:39:48.344 [JavaFX Application Thread] DEBUG PrimaryStageWindow   - FXGLLoadingScene -> GameScene
18:40:07.400 [JavaFX Application Thread] DEBUG FXGLApplication      - Exiting FXGL
18:40:07.400 [JavaFX Application Thread] DEBUG LoopRunner           - Stopping loop
18:40:07.401 [JavaFX Application Thread] DEBUG SystemBundleService  - Saving FXGL system data
18:40:07.403 [JavaFX Application Thread] DEBUG FileSystemAccess     - Writing to: C:\Users\Shawn\Desktop\Browser\system\fxgl.bundle
18:40:07.404 [JavaFX Application Thread] DEBUG Async                - Shutting down background threads
18:40:07.405 [JavaFX Application Thread] DEBUG PrimaryStageWindow   - Closing main window
18:40:07.413 [JavaFX Application Thread] DEBUG Logger               - Closing Logger
